<?xml version="1.0" encoding="UTF-8"?>
<!-- Generated by org.testng.reporters.JUnitReportReporter -->
<testsuite hostname="TGVHP60" name="PageFactory.Test99GuruLoginWithPageFactory" tests="1" failures="0" timestamp="4 Feb 2021 00:49:26 GMT" time="1.247" errors="0">
  <testcase name="test_Home_Page_Appear_Correct" time="1.247" classname="PageFactory.Test99GuruLoginWithPageFactory"/>
</testsuite> <!-- PageFactory.Test99GuruLoginWithPageFactory -->
