<?xml version="1.0" encoding="UTF-8"?>
<!-- Generated by org.testng.reporters.JUnitReportReporter -->
<testsuite hostname="TGVHP60" name="POM.Test99GuruLogin" tests="1" failures="0" timestamp="2 Feb 2021 14:34:55 GMT" time="1.088" errors="0">
  <testcase name="test_Home_Page_Appear_Correct" time="1.088" classname="POM.Test99GuruLogin"/>
</testsuite> <!-- POM.Test99GuruLogin -->
